Using pre-set license
Built from '6000.0/staging' branch; Version is '6000.0.38f1 (82314a941f2d) revision 8532298'; Using compiler version '193933523'; Build Type 'Release'
OS: 'Windows 11  (10.0.22631) 64bit Core' Language: 'en' Physical Memory: 16178 MB
BatchMode: 1, IsHumanControllingUs: 0, StartBugReporterOnCrash: 0, Is64bit: 1, IsPro: 1

COMMAND LINE ARGUMENTS:
D:\Unity\Hub\6000.0.38f1\Editor\Unity.exe
-adb2
-batchMode
-noUpm
-name
AssetImportWorker7
-projectPath
F:/25-1_Spr/CS383 Software Engineering by Dr. BC/Main Team/Breaking-Red/Breaking Red Game
-logFile
Logs/AssetImportWorker7.log
-srvPort
52261
-job-worker-count
3
-background-job-worker-count
8
-gc-helper-count
1
Successfully changed project path to: F:/25-1_Spr/CS383 Software Engineering by Dr. BC/Main Team/Breaking-Red/Breaking Red Game
F:/25-1_Spr/CS383 Software Engineering by Dr. BC/Main Team/Breaking-Red/Breaking Red Game
[UnityMemory] Configuration Parameters - Can be set up in boot.config
    "memorysetup-bucket-allocator-granularity=16"
    "memorysetup-bucket-allocator-bucket-count=8"
    "memorysetup-bucket-allocator-block-size=33554432"
    "memorysetup-bucket-allocator-block-count=8"
    "memorysetup-main-allocator-block-size=16777216"
    "memorysetup-thread-allocator-block-size=16777216"
    "memorysetup-gfx-main-allocator-block-size=16777216"
    "memorysetup-gfx-thread-allocator-block-size=16777216"
    "memorysetup-cache-allocator-block-size=4194304"
    "memorysetup-typetree-allocator-block-size=2097152"
    "memorysetup-profiler-bucket-allocator-granularity=16"
    "memorysetup-profiler-bucket-allocator-bucket-count=8"
    "memorysetup-profiler-bucket-allocator-block-size=33554432"
    "memorysetup-profiler-bucket-allocator-block-count=8"
    "memorysetup-profiler-allocator-block-size=16777216"
    "memorysetup-profiler-editor-allocator-block-size=1048576"
    "memorysetup-temp-allocator-size-main=16777216"
    "memorysetup-job-temp-allocator-block-size=2097152"
    "memorysetup-job-temp-allocator-block-size-background=1048576"
    "memorysetup-job-temp-allocator-reduction-small-platforms=262144"
    "memorysetup-allocator-temp-initial-block-size-main=262144"
    "memorysetup-allocator-temp-initial-block-size-worker=262144"
    "memorysetup-temp-allocator-size-background-worker=32768"
    "memorysetup-temp-allocator-size-job-worker=262144"
    "memorysetup-temp-allocator-size-preload-manager=33554432"
    "memorysetup-temp-allocator-size-nav-mesh-worker=65536"
    "memorysetup-temp-allocator-size-audio-worker=65536"
    "memorysetup-temp-allocator-size-cloud-worker=32768"
    "memorysetup-temp-allocator-size-gi-baking-worker=262144"
    "memorysetup-temp-allocator-size-gi-baking-worker=262144"
    "memorysetup-temp-allocator-size-gi-baking-worker=262144"
    "memorysetup-temp-allocator-size-gi-baking-worker=262144"
    "memorysetup-temp-allocator-size-gi-baking-worker=262144"
    "memorysetup-temp-allocator-size-gfx=262144"
Player connection [10772]  Target information:

Player connection [10772]  * "[IP] 172.20.3.223 [Port] 0 [Flags] 2 [Guid] 672782691 [EditorId] 672782691 [Version] 1048832 [Id] WindowsEditor(7,Spectrum0112358) [Debug] 1 [PackageName] WindowsEditor [ProjectName] Editor" 

Player connection [10772] Host joined multi-casting on [225.0.0.222:54997]...
Player connection [10772] Host joined alternative multi-casting on [225.0.0.222:34997]...
JobSystem: Creating JobQueue using job-worker-count value 3
Input System module state changed to: Initialized.
[Physics::Module] Initialized fallback backend.
[Physics::Module] Id: 0xdecafbad
Library Redirect Path: Library/
[Physics::Module] Selected backend.
[Physics::Module] Name: PhysX
[Physics::Module] Id: 0xf2b8ea05
[Physics::Module] SDK Version: 4.1.2
[Physics::Module] Integration Version: 1.0.0
[Physics::Module] Threading Mode: Multi-Threaded
Refreshing native plugins compatible for Editor in 11.27 ms, found 4 plugins.
Preloading 0 native plugins for Editor in 0.00 ms.
Initialize engine version: 6000.0.38f1 (82314a941f2d)
[Subsystems] Discovering subsystems at path D:/Unity/Hub/6000.0.38f1/Editor/Data/Resources/UnitySubsystems
[Subsystems] Discovering subsystems at path F:/25-1_Spr/CS383 Software Engineering by Dr. BC/Main Team/Breaking-Red/Breaking Red Game/Assets
GfxDevice: creating device client; kGfxThreadingModeNonThreaded
Direct3D:
    Version:  Direct3D 11.0 [level 11.1]
    Renderer: Intel(R) UHD Graphics 620 (ID=0x3ea0)
    Vendor:   Intel
    VRAM:     8089 MB
    Driver:   25.20.100.6519
Initialize mono
Mono path[0] = 'D:/Unity/Hub/6000.0.38f1/Editor/Data/Managed'
Mono path[1] = 'D:/Unity/Hub/6000.0.38f1/Editor/Data/MonoBleedingEdge/lib/mono/unityjit-win32'
Mono config path = 'D:/Unity/Hub/6000.0.38f1/Editor/Data/MonoBleedingEdge/etc'
Using monoOptions --debugger-agent=transport=dt_socket,embedding=1,server=y,suspend=n,address=127.0.0.1:56884
Begin MonoManager ReloadAssembly
Registering precompiled unity dll's ...
Register platform support module: D:/Unity/Hub/6000.0.38f1/Editor/Data/PlaybackEngines/WindowsStandaloneSupport/UnityEditor.WindowsStandalone.Extensions.dll
Registered in 0.007141 seconds.
- Loaded All Assemblies, in  1.379 seconds
Native extension for WindowsStandalone target not found
Mono: successfully reloaded assembly
- Finished resetting the current domain, in  1.474 seconds
Domain Reload Profiling: 2853ms
	BeginReloadAssembly (274ms)
		ExecutionOrderSort (0ms)
		DisableScriptedObjects (0ms)
		BackupInstance (0ms)
		ReleaseScriptingObjects (0ms)
		CreateAndSetChildDomain (1ms)
	RebuildCommonClasses (133ms)
	RebuildNativeTypeToScriptingClass (51ms)
	initialDomainReloadingComplete (201ms)
	LoadAllAssembliesAndSetupDomain (718ms)
		LoadAssemblies (274ms)
		RebuildTransferFunctionScriptingTraits (0ms)
		AnalyzeDomain (710ms)
			TypeCache.Refresh (705ms)
				TypeCache.ScanAssembly (642ms)
			BuildScriptInfoCaches (0ms)
			ResolveRequiredComponents (2ms)
	FinalizeReload (1475ms)
		ReleaseScriptCaches (0ms)
		RebuildScriptCaches (0ms)
		SetupLoadedEditorAssemblies (1241ms)
			LogAssemblyErrors (0ms)
			InitializePlatformSupportModulesInManaged (89ms)
			SetLoadedEditorAssemblies (22ms)
			BeforeProcessingInitializeOnLoad (255ms)
			ProcessInitializeOnLoadAttributes (600ms)
			ProcessInitializeOnLoadMethodAttributes (275ms)
			AfterProcessingInitializeOnLoad (0ms)
			EditorAssembliesLoaded (1ms)
		ExecutionOrderSort2 (0ms)
		AwakeInstancesAfterBackupRestoration (0ms)
Assembly reference Packages/com.unity.cinemachine/Editor/Samples/ExposeHDRPInternals/HDRP-Editor-ref.asmref has no target assembly definition
========================================================================
Worker process is ready to serve import requests
Import Worker Mode flag is 0x00
Assembly reference Packages/com.unity.cinemachine/Editor/Samples/ExposeHDRPInternals/HDRP-Editor-ref.asmref has no target assembly definition
Assembly reference Packages/com.unity.cinemachine/Editor/Samples/ExposeHDRPInternals/HDRP-Editor-ref.asmref has no target assembly definition
Begin MonoManager ReloadAssembly
- Loaded All Assemblies, in  1.659 seconds
Assembly reference Packages/com.unity.cinemachine/Editor/Samples/ExposeHDRPInternals/HDRP-Editor-ref.asmref has no target assembly definition
'Packages/com.unity.cinemachine/Editor/Obsolete/CinemachineVirtualCameraBaseEditor.cs' contains partial class of Unity.Object, exactly 1 of the partial classes needs to be in a file with the same filename. This is to know the one that can be referenced from ie. GameObjects
'Packages/com.unity.cinemachine/Editor/Editors/CinemachineVirtualCameraBaseEditor.cs' contains partial class of Unity.Object, exactly 1 of the partial classes needs to be in a file with the same filename. This is to know the one that can be referenced from ie. GameObjects
Refreshing native plugins compatible for Editor in 3.78 ms, found 4 plugins.
Native extension for WindowsStandalone target not found
Assembly reference Packages/com.unity.cinemachine/Editor/Samples/ExposeHDRPInternals/HDRP-Editor-ref.asmref has no target assembly definition
Package Manager log level set to [2]
[Package Manager] Failed to launch server process. Reason: Unity was launched with the -noUpm command-line argument
[Package Manager] Unable to send message (not connected to server process).
[Package Manager] Cannot connect to Unity Package Manager local server
Mono: successfully reloaded assembly
- Finished resetting the current domain, in  2.790 seconds
Domain Reload Profiling: 4448ms
	BeginReloadAssembly (298ms)
		ExecutionOrderSort (0ms)
		DisableScriptedObjects (14ms)
		BackupInstance (0ms)
		ReleaseScriptingObjects (0ms)
		CreateAndSetChildDomain (44ms)
	RebuildCommonClasses (65ms)
	RebuildNativeTypeToScriptingClass (20ms)
	initialDomainReloadingComplete (65ms)
	LoadAllAssembliesAndSetupDomain (1208ms)
		LoadAssemblies (697ms)
		RebuildTransferFunctionScriptingTraits (0ms)
		AnalyzeDomain (681ms)
			TypeCache.Refresh (425ms)
				TypeCache.ScanAssembly (391ms)
			BuildScriptInfoCaches (223ms)
			ResolveRequiredComponents (27ms)
	FinalizeReload (2791ms)
		ReleaseScriptCaches (0ms)
		RebuildScriptCaches (0ms)
		SetupLoadedEditorAssemblies (1858ms)
			LogAssemblyErrors (0ms)
			InitializePlatformSupportModulesInManaged (5ms)
			SetLoadedEditorAssemblies (14ms)
			BeforeProcessingInitializeOnLoad (525ms)
			ProcessInitializeOnLoadAttributes (1097ms)
			ProcessInitializeOnLoadMethodAttributes (212ms)
			AfterProcessingInitializeOnLoad (4ms)
			EditorAssembliesLoaded (1ms)
		ExecutionOrderSort2 (0ms)
		AwakeInstancesAfterBackupRestoration (15ms)
Launched and connected shader compiler UnityShaderCompiler.exe after 0.04 seconds
Refreshing native plugins compatible for Editor in 2.57 ms, found 4 plugins.
Preloading 0 native plugins for Editor in 0.00 ms.
Unloading 222 Unused Serialized files (Serialized files now loaded: 0)
Unloading 7001 unused Assets / (4.4 MB). Loaded Objects now: 7714.
Memory consumption went from 176.6 MB to 172.2 MB.
Total: 16.686600 ms (FindLiveObjects: 1.770300 ms CreateObjectMapping: 2.691800 ms MarkObjects: 7.837800 ms  DeleteObjects: 4.385300 ms)

========================================================================
Received Import Request.
  Time since last request: 711436.982182 seconds.
  path: Assets/Essential_Footsteps_SFX_SoundKajiya/Gravel/Footstep_Gravel_Boots_Run_8.wav
  artifactKey: Guid(6714c7c5fa0580d4b8fe99aa12147ce2) Importer(815301076,1909f56bfc062723c751e8b465ee728b)
Start importing Assets/Essential_Footsteps_SFX_SoundKajiya/Gravel/Footstep_Gravel_Boots_Run_8.wav using Guid(6714c7c5fa0580d4b8fe99aa12147ce2) Importer(815301076,1909f56bfc062723c751e8b465ee728b) (PreviewImporter) -> (artifact id: 'c6217a37216f035107c5c1f783a185e9') in 0.5702781 seconds
Number of updated asset objects reloaded before import = 0Number of asset objects unloaded after import = 2

========================================================================
Received Import Request.
  Time since last request: 5.653469 seconds.
  path: Assets/Essential_Footsteps_SFX_SoundKajiya/Leaves/Footstep_FootstepLeaves_Boots_Jog_6.wav
  artifactKey: Guid(2ce077bfa6f11714e9ff9cd89b224d84) Importer(815301076,1909f56bfc062723c751e8b465ee728b)
Start importing Assets/Essential_Footsteps_SFX_SoundKajiya/Leaves/Footstep_FootstepLeaves_Boots_Jog_6.wav using Guid(2ce077bfa6f11714e9ff9cd89b224d84) Importer(815301076,1909f56bfc062723c751e8b465ee728b) (PreviewImporter) -> (artifact id: '5dee24b6f720f8f59bbb08bc3f0e8c07') in 0.0393369 seconds
Number of updated asset objects reloaded before import = 0Number of asset objects unloaded after import = 2

========================================================================
Received Import Request.
  Time since last request: 0.000032 seconds.
  path: Assets/Essential_Footsteps_SFX_SoundKajiya/Leaves/Footstep_FootstepLeaves_Boots_Run_6.wav
  artifactKey: Guid(020a37786a3aff14dab5aac2215f2c16) Importer(815301076,1909f56bfc062723c751e8b465ee728b)
Start importing Assets/Essential_Footsteps_SFX_SoundKajiya/Leaves/Footstep_FootstepLeaves_Boots_Run_6.wav using Guid(020a37786a3aff14dab5aac2215f2c16) Importer(815301076,1909f56bfc062723c751e8b465ee728b) (PreviewImporter) -> (artifact id: '61d5b4298f37d59899a675020e8e44dd') in 0.0359381 seconds
Number of updated asset objects reloaded before import = 0Number of asset objects unloaded after import = 2

========================================================================
Received Import Request.
  Time since last request: 0.000044 seconds.
  path: Assets/Essential_Footsteps_SFX_SoundKajiya/Leaves/Footstep_FootstepLeaves_Boots_Walk_Stop_4.wav
  artifactKey: Guid(cbe97206921ac954eb42a619a8fd612d) Importer(815301076,1909f56bfc062723c751e8b465ee728b)
Start importing Assets/Essential_Footsteps_SFX_SoundKajiya/Leaves/Footstep_FootstepLeaves_Boots_Walk_Stop_4.wav using Guid(cbe97206921ac954eb42a619a8fd612d) Importer(815301076,1909f56bfc062723c751e8b465ee728b) (PreviewImporter) -> (artifact id: '382f11d86feb7f93052ef421818eedad') in 0.049672 seconds
Number of updated asset objects reloaded before import = 0Number of asset objects unloaded after import = 2

========================================================================
Received Import Request.
  Time since last request: 0.000034 seconds.
  path: Assets/Essential_Footsteps_SFX_SoundKajiya/Leaves/Footstep_FootstepLeaves_Boots_Land_1.wav
  artifactKey: Guid(23b3e2538cdc0bb49bed2aa831827f6e) Importer(815301076,1909f56bfc062723c751e8b465ee728b)
Start importing Assets/Essential_Footsteps_SFX_SoundKajiya/Leaves/Footstep_FootstepLeaves_Boots_Land_1.wav using Guid(23b3e2538cdc0bb49bed2aa831827f6e) Importer(815301076,1909f56bfc062723c751e8b465ee728b) (PreviewImporter) -> (artifact id: '44411992b6acc3ddfaab420ef56c193d') in 0.0411587 seconds
Number of updated asset objects reloaded before import = 0Number of asset objects unloaded after import = 2

========================================================================
Received Import Request.
  Time since last request: 0.000033 seconds.
  path: Assets/Essential_Footsteps_SFX_SoundKajiya/Leaves/Footstep_FootstepLeaves_Boots_Jump_3.wav
  artifactKey: Guid(80bc23293eddfce40973367e32a71579) Importer(815301076,1909f56bfc062723c751e8b465ee728b)
Start importing Assets/Essential_Footsteps_SFX_SoundKajiya/Leaves/Footstep_FootstepLeaves_Boots_Jump_3.wav using Guid(80bc23293eddfce40973367e32a71579) Importer(815301076,1909f56bfc062723c751e8b465ee728b) (PreviewImporter) -> (artifact id: '7c3a17ad7d127bcf3dc2580cabcace3d') in 0.039701 seconds
Number of updated asset objects reloaded before import = 0Number of asset objects unloaded after import = 2

========================================================================
Received Import Request.
  Time since last request: 0.000071 seconds.
  path: Assets/Essential_Footsteps_SFX_SoundKajiya/Leaves/Footstep_FootstepLeaves_Boots_Jump_1.wav
  artifactKey: Guid(d0721ad26bc8f08479aa4d41147dab37) Importer(815301076,1909f56bfc062723c751e8b465ee728b)
Start importing Assets/Essential_Footsteps_SFX_SoundKajiya/Leaves/Footstep_FootstepLeaves_Boots_Jump_1.wav using Guid(d0721ad26bc8f08479aa4d41147dab37) Importer(815301076,1909f56bfc062723c751e8b465ee728b) (PreviewImporter) -> (artifact id: 'fa8fd5ad0da54c1eaaf985b6c6bb63a8') in 0.0431151 seconds
Number of updated asset objects reloaded before import = 0Number of asset objects unloaded after import = 2

========================================================================
Received Import Request.
  Time since last request: 0.000025 seconds.
  path: Assets/Essential_Footsteps_SFX_SoundKajiya/Leaves/Footstep_FootstepLeaves_Boots_Jog_7.wav
  artifactKey: Guid(114ab23e15334994da827dff09737896) Importer(815301076,1909f56bfc062723c751e8b465ee728b)
Start importing Assets/Essential_Footsteps_SFX_SoundKajiya/Leaves/Footstep_FootstepLeaves_Boots_Jog_7.wav using Guid(114ab23e15334994da827dff09737896) Importer(815301076,1909f56bfc062723c751e8b465ee728b) (PreviewImporter) -> (artifact id: '8fc2d1eeae24c039f79a15f77c543303') in 0.0379322 seconds
Number of updated asset objects reloaded before import = 0Number of asset objects unloaded after import = 2

========================================================================
Received Import Request.
  Time since last request: 0.000021 seconds.
  path: Assets/Essential_Footsteps_SFX_SoundKajiya/Leaves/Footstep_FootstepLeaves_Boots_Walk_Stop_3.wav
  artifactKey: Guid(cb88ccf6579fb414aae28fcf71a3e6b2) Importer(815301076,1909f56bfc062723c751e8b465ee728b)
Start importing Assets/Essential_Footsteps_SFX_SoundKajiya/Leaves/Footstep_FootstepLeaves_Boots_Walk_Stop_3.wav using Guid(cb88ccf6579fb414aae28fcf71a3e6b2) Importer(815301076,1909f56bfc062723c751e8b465ee728b) (PreviewImporter) -> (artifact id: '7a7f3e7ed4fae752730bc4c2272e546b') in 0.0265696 seconds
Number of updated asset objects reloaded before import = 0Number of asset objects unloaded after import = 2

========================================================================
Received Import Request.
  Time since last request: 163.806253 seconds.
  path: Assets/Essential_Footsteps_SFX_SoundKajiya/Sand/Footstep_Sand_Boots_Jog_2.wav
  artifactKey: Guid(7db2d8792d69d06479c23df15dcfa777) Importer(815301076,1909f56bfc062723c751e8b465ee728b)
Start importing Assets/Essential_Footsteps_SFX_SoundKajiya/Sand/Footstep_Sand_Boots_Jog_2.wav using Guid(7db2d8792d69d06479c23df15dcfa777) Importer(815301076,1909f56bfc062723c751e8b465ee728b) (PreviewImporter) -> (artifact id: '60709a1e38b92442dc7ee79a5fe45219') in 0.0846018 seconds
Number of updated asset objects reloaded before import = 0Number of asset objects unloaded after import = 2

========================================================================
Received Import Request.
  Time since last request: 0.000062 seconds.
  path: Assets/Essential_Footsteps_SFX_SoundKajiya/Sand/Footstep_Sand_Boots_Land_1.wav
  artifactKey: Guid(0887ce0fb71b68541a8ee72ace74b12e) Importer(815301076,1909f56bfc062723c751e8b465ee728b)
Start importing Assets/Essential_Footsteps_SFX_SoundKajiya/Sand/Footstep_Sand_Boots_Land_1.wav using Guid(0887ce0fb71b68541a8ee72ace74b12e) Importer(815301076,1909f56bfc062723c751e8b465ee728b) (PreviewImporter) -> (artifact id: '948940fd513611b1d9b686d15d622c7a') in 0.0300046 seconds
Number of updated asset objects reloaded before import = 0Number of asset objects unloaded after import = 2

========================================================================
Received Import Request.
  Time since last request: 0.000179 seconds.
  path: Assets/Essential_Footsteps_SFX_SoundKajiya/Sand/Footstep_Sand_Boots_Jog_Stop_1.wav
  artifactKey: Guid(3051c7a6cd1f3c44d880da2b45110015) Importer(815301076,1909f56bfc062723c751e8b465ee728b)
Start importing Assets/Essential_Footsteps_SFX_SoundKajiya/Sand/Footstep_Sand_Boots_Jog_Stop_1.wav using Guid(3051c7a6cd1f3c44d880da2b45110015) Importer(815301076,1909f56bfc062723c751e8b465ee728b) (PreviewImporter) -> (artifact id: '94fefc899c7c68d46d186a49a45f24c1') in 0.0498309 seconds
Number of updated asset objects reloaded before import = 0Number of asset objects unloaded after import = 2

========================================================================
Received Import Request.
  Time since last request: 0.000022 seconds.
  path: Assets/Essential_Footsteps_SFX_SoundKajiya/Sand/Footstep_Sand_Boots_Jump_1.wav
  artifactKey: Guid(7ba9747b408047142845344c6845dc24) Importer(815301076,1909f56bfc062723c751e8b465ee728b)
Start importing Assets/Essential_Footsteps_SFX_SoundKajiya/Sand/Footstep_Sand_Boots_Jump_1.wav using Guid(7ba9747b408047142845344c6845dc24) Importer(815301076,1909f56bfc062723c751e8b465ee728b) (PreviewImporter) -> (artifact id: 'f9df98aae4e44351e4fd1c04dba6ac95') in 0.0354065 seconds
Number of updated asset objects reloaded before import = 0Number of asset objects unloaded after import = 2

========================================================================
Received Import Request.
  Time since last request: 0.000040 seconds.
  path: Assets/Essential_Footsteps_SFX_SoundKajiya/Sand/Footstep_Sand_Boots_Jump_3.wav
  artifactKey: Guid(46e7c4ff7179dd644be7996c703d9af9) Importer(815301076,1909f56bfc062723c751e8b465ee728b)
Start importing Assets/Essential_Footsteps_SFX_SoundKajiya/Sand/Footstep_Sand_Boots_Jump_3.wav using Guid(46e7c4ff7179dd644be7996c703d9af9) Importer(815301076,1909f56bfc062723c751e8b465ee728b) (PreviewImporter) -> (artifact id: 'a02a787992744be2695e995a9856ef2c') in 0.0403653 seconds
Number of updated asset objects reloaded before import = 0Number of asset objects unloaded after import = 2

========================================================================
Received Import Request.
  Time since last request: 0.000046 seconds.
  path: Assets/Essential_Footsteps_SFX_SoundKajiya/Sand/Footstep_Sand_Boots_Jump_4.wav
  artifactKey: Guid(f758734f8bd540c479107fa36dd14bfc) Importer(815301076,1909f56bfc062723c751e8b465ee728b)
Start importing Assets/Essential_Footsteps_SFX_SoundKajiya/Sand/Footstep_Sand_Boots_Jump_4.wav using Guid(f758734f8bd540c479107fa36dd14bfc) Importer(815301076,1909f56bfc062723c751e8b465ee728b) (PreviewImporter) -> (artifact id: '7144702e89074697e6e44dadb647e3e6') in 0.040375 seconds
Number of updated asset objects reloaded before import = 0Number of asset objects unloaded after import = 2

========================================================================
Received Import Request.
  Time since last request: 0.000040 seconds.
  path: Assets/Essential_Footsteps_SFX_SoundKajiya/Sand/Footstep_Sand_Boots_Run_Stop_2.wav
  artifactKey: Guid(075e188bc62d350468406be4c6ed6a72) Importer(815301076,1909f56bfc062723c751e8b465ee728b)
Start importing Assets/Essential_Footsteps_SFX_SoundKajiya/Sand/Footstep_Sand_Boots_Run_Stop_2.wav using Guid(075e188bc62d350468406be4c6ed6a72) Importer(815301076,1909f56bfc062723c751e8b465ee728b) (PreviewImporter) -> (artifact id: 'd1443dc99879806cb4707a53bb8a66e7') in 0.0389406 seconds
Number of updated asset objects reloaded before import = 0Number of asset objects unloaded after import = 2

========================================================================
Received Import Request.
  Time since last request: 0.000038 seconds.
  path: Assets/Essential_Footsteps_SFX_SoundKajiya/Sand/Footstep_Sand_Boots_Walk_5.wav
  artifactKey: Guid(ee7aee3f5850f1747a08dd4d3ae6f4ba) Importer(815301076,1909f56bfc062723c751e8b465ee728b)
Start importing Assets/Essential_Footsteps_SFX_SoundKajiya/Sand/Footstep_Sand_Boots_Walk_5.wav using Guid(ee7aee3f5850f1747a08dd4d3ae6f4ba) Importer(815301076,1909f56bfc062723c751e8b465ee728b) (PreviewImporter) -> (artifact id: 'c03851a9830530074535a25ed63e9184') in 0.061396 seconds
Number of updated asset objects reloaded before import = 0Number of asset objects unloaded after import = 2

========================================================================
Received Import Request.
  Time since last request: 0.000078 seconds.
  path: Assets/Essential_Footsteps_SFX_SoundKajiya/Sand/Footstep_Sand_Boots_Run_7.wav
  artifactKey: Guid(4c791e45ba4028347b60664f656681c4) Importer(815301076,1909f56bfc062723c751e8b465ee728b)
Start importing Assets/Essential_Footsteps_SFX_SoundKajiya/Sand/Footstep_Sand_Boots_Run_7.wav using Guid(4c791e45ba4028347b60664f656681c4) Importer(815301076,1909f56bfc062723c751e8b465ee728b) (PreviewImporter) -> (artifact id: 'f21d0a7b62adf3f6f69a8d1d20a21b2b') in 0.0357022 seconds
Number of updated asset objects reloaded before import = 0Number of asset objects unloaded after import = 2

========================================================================
Received Import Request.
  Time since last request: 0.000031 seconds.
  path: Assets/Essential_Footsteps_SFX_SoundKajiya/Sand/Footstep_Sand_Boots_Run_4.wav
  artifactKey: Guid(0fa1a92a2dbf2ba4bbb8c68e0dc29709) Importer(815301076,1909f56bfc062723c751e8b465ee728b)
Start importing Assets/Essential_Footsteps_SFX_SoundKajiya/Sand/Footstep_Sand_Boots_Run_4.wav using Guid(0fa1a92a2dbf2ba4bbb8c68e0dc29709) Importer(815301076,1909f56bfc062723c751e8b465ee728b) (PreviewImporter) -> (artifact id: 'b27f910d5206da813fbac027bb66aa10') in 0.0409721 seconds
Number of updated asset objects reloaded before import = 0Number of asset objects unloaded after import = 2

========================================================================
Received Import Request.
  Time since last request: 0.000039 seconds.
  path: Assets/Essential_Footsteps_SFX_SoundKajiya/Sand/Footstep_Sand_Boots_Run_5.wav
  artifactKey: Guid(dadc9aeed5427c54f954a6d08e10dc94) Importer(815301076,1909f56bfc062723c751e8b465ee728b)
Start importing Assets/Essential_Footsteps_SFX_SoundKajiya/Sand/Footstep_Sand_Boots_Run_5.wav using Guid(dadc9aeed5427c54f954a6d08e10dc94) Importer(815301076,1909f56bfc062723c751e8b465ee728b) (PreviewImporter) -> (artifact id: 'a6b25d0c2ec8282f8101630e89db528a') in 0.0378641 seconds
Number of updated asset objects reloaded before import = 0Number of asset objects unloaded after import = 2

========================================================================
Received Import Request.
  Time since last request: 0.000046 seconds.
  path: Assets/Essential_Footsteps_SFX_SoundKajiya/Sand/Footstep_Sand_Boots_Walk_2.wav
  artifactKey: Guid(fc9c525fb6a71a54dbb86d1b65a45939) Importer(815301076,1909f56bfc062723c751e8b465ee728b)
Start importing Assets/Essential_Footsteps_SFX_SoundKajiya/Sand/Footstep_Sand_Boots_Walk_2.wav using Guid(fc9c525fb6a71a54dbb86d1b65a45939) Importer(815301076,1909f56bfc062723c751e8b465ee728b) (PreviewImporter) -> (artifact id: '145fd90c2d9fa832b73d22cfc26f4b95') in 0.0408759 seconds
Number of updated asset objects reloaded before import = 0Number of asset objects unloaded after import = 2

========================================================================
Received Import Request.
  Time since last request: 0.000027 seconds.
  path: Assets/Essential_Footsteps_SFX_SoundKajiya/Sand/Footstep_Sand_Boots_Land_4.wav
  artifactKey: Guid(e27db7201a233b74a8514fc35227f5ed) Importer(815301076,1909f56bfc062723c751e8b465ee728b)
Start importing Assets/Essential_Footsteps_SFX_SoundKajiya/Sand/Footstep_Sand_Boots_Land_4.wav using Guid(e27db7201a233b74a8514fc35227f5ed) Importer(815301076,1909f56bfc062723c751e8b465ee728b) (PreviewImporter) -> (artifact id: '03ffa5fe5542a960c533efe95133b4c2') in 0.0376262 seconds
Number of updated asset objects reloaded before import = 0Number of asset objects unloaded after import = 2

========================================================================
Received Import Request.
  Time since last request: 0.000065 seconds.
  path: Assets/Essential_Footsteps_SFX_SoundKajiya/Sand/Footstep_Sand_Boots_Run_Stop_4.wav
  artifactKey: Guid(6c7877587009b6a4ab5032388cd7005d) Importer(815301076,1909f56bfc062723c751e8b465ee728b)
Start importing Assets/Essential_Footsteps_SFX_SoundKajiya/Sand/Footstep_Sand_Boots_Run_Stop_4.wav using Guid(6c7877587009b6a4ab5032388cd7005d) Importer(815301076,1909f56bfc062723c751e8b465ee728b) (PreviewImporter) -> (artifact id: 'cdbe2dc972037e25589211c9a08e3aaf') in 0.0409051 seconds
Number of updated asset objects reloaded before import = 0Number of asset objects unloaded after import = 2

========================================================================
Received Import Request.
  Time since last request: 0.000153 seconds.
  path: Assets/Essential_Footsteps_SFX_SoundKajiya/Sand/Footstep_Sand_Boots_Jog_Stop_4.wav
  artifactKey: Guid(c81a4b45b44429140b47ee9efc41068a) Importer(815301076,1909f56bfc062723c751e8b465ee728b)
Start importing Assets/Essential_Footsteps_SFX_SoundKajiya/Sand/Footstep_Sand_Boots_Jog_Stop_4.wav using Guid(c81a4b45b44429140b47ee9efc41068a) Importer(815301076,1909f56bfc062723c751e8b465ee728b) (PreviewImporter) -> (artifact id: 'f9c858819769f683ac87562bc443b6a9') in 0.0385313 seconds
Number of updated asset objects reloaded before import = 0Number of asset objects unloaded after import = 2

========================================================================
Received Import Request.
  Time since last request: 0.000034 seconds.
  path: Assets/Essential_Footsteps_SFX_SoundKajiya/Sand/Footstep_Sand_Boots_Run_1.wav
  artifactKey: Guid(b4ee372029f9c594199b098b02baee86) Importer(815301076,1909f56bfc062723c751e8b465ee728b)
Start importing Assets/Essential_Footsteps_SFX_SoundKajiya/Sand/Footstep_Sand_Boots_Run_1.wav using Guid(b4ee372029f9c594199b098b02baee86) Importer(815301076,1909f56bfc062723c751e8b465ee728b) (PreviewImporter) -> (artifact id: '8a1d541fb04c128c9bddf93c0c8a7771') in 0.0388741 seconds
Number of updated asset objects reloaded before import = 0Number of asset objects unloaded after import = 2

========================================================================
Received Import Request.
  Time since last request: 0.000035 seconds.
  path: Assets/Essential_Footsteps_SFX_SoundKajiya/Sand/Footstep_Sand_Boots_Walk_Stop_1.wav
  artifactKey: Guid(6432c4b18d91211478f0b1abdd4a0e37) Importer(815301076,1909f56bfc062723c751e8b465ee728b)
Start importing Assets/Essential_Footsteps_SFX_SoundKajiya/Sand/Footstep_Sand_Boots_Walk_Stop_1.wav using Guid(6432c4b18d91211478f0b1abdd4a0e37) Importer(815301076,1909f56bfc062723c751e8b465ee728b) (PreviewImporter) -> (artifact id: '3e642d8b4fcf0a2155537dfafb29ffe8') in 0.0506627 seconds
Number of updated asset objects reloaded before import = 0Number of asset objects unloaded after import = 2

========================================================================
Received Import Request.
  Time since last request: 0.000079 seconds.
  path: Assets/Essential_Footsteps_SFX_SoundKajiya/Sand/Footstep_Sand_Boots_Jog_4.wav
  artifactKey: Guid(beaee2353c030e14495a39ff61963720) Importer(815301076,1909f56bfc062723c751e8b465ee728b)
Start importing Assets/Essential_Footsteps_SFX_SoundKajiya/Sand/Footstep_Sand_Boots_Jog_4.wav using Guid(beaee2353c030e14495a39ff61963720) Importer(815301076,1909f56bfc062723c751e8b465ee728b) (PreviewImporter) -> (artifact id: '120af3353b720ef5ed070a016faeff76') in 0.0531395 seconds
Number of updated asset objects reloaded before import = 0Number of asset objects unloaded after import = 2

========================================================================
Received Import Request.
  Time since last request: 0.000044 seconds.
  path: Assets/Essential_Footsteps_SFX_SoundKajiya/Sand/Footstep_Sand_Boots_Walk_6.wav
  artifactKey: Guid(1ce92cae49a013447824bbe1bbe848c4) Importer(815301076,1909f56bfc062723c751e8b465ee728b)
Start importing Assets/Essential_Footsteps_SFX_SoundKajiya/Sand/Footstep_Sand_Boots_Walk_6.wav using Guid(1ce92cae49a013447824bbe1bbe848c4) Importer(815301076,1909f56bfc062723c751e8b465ee728b) (PreviewImporter) -> (artifact id: 'ce9ec247b82ea31a3e2f3d53023ea1c9') in 0.0459295 seconds
Number of updated asset objects reloaded before import = 0Number of asset objects unloaded after import = 2

========================================================================
Received Import Request.
  Time since last request: 0.000041 seconds.
  path: Assets/Essential_Footsteps_SFX_SoundKajiya/Sand/Footstep_Sand_Boots_Land_3.wav
  artifactKey: Guid(f62ff2c97a42955419be7cab3acb2b77) Importer(815301076,1909f56bfc062723c751e8b465ee728b)
Start importing Assets/Essential_Footsteps_SFX_SoundKajiya/Sand/Footstep_Sand_Boots_Land_3.wav using Guid(f62ff2c97a42955419be7cab3acb2b77) Importer(815301076,1909f56bfc062723c751e8b465ee728b) (PreviewImporter) -> (artifact id: '950a5f40e9ab4edf42b9aa8f77b49a9f') in 0.048651 seconds
Number of updated asset objects reloaded before import = 0Number of asset objects unloaded after import = 2

========================================================================
Received Import Request.
  Time since last request: 0.000176 seconds.
  path: Assets/Essential_Footsteps_SFX_SoundKajiya/Sand/Footstep_Sand_Boots_Walk_8.wav
  artifactKey: Guid(5c24a53961f712c4eb392a0617bdc94a) Importer(815301076,1909f56bfc062723c751e8b465ee728b)
Start importing Assets/Essential_Footsteps_SFX_SoundKajiya/Sand/Footstep_Sand_Boots_Walk_8.wav using Guid(5c24a53961f712c4eb392a0617bdc94a) Importer(815301076,1909f56bfc062723c751e8b465ee728b) (PreviewImporter) -> (artifact id: '6e91c1c6c9cdbf4cebae6a0ea0ed9f3f') in 0.0394653 seconds
Number of updated asset objects reloaded before import = 0Number of asset objects unloaded after import = 2

========================================================================
Received Import Request.
  Time since last request: 0.000043 seconds.
  path: Assets/Essential_Footsteps_SFX_SoundKajiya/Sand/Footstep_Sand_Boots_Jog_6.wav
  artifactKey: Guid(ffca60be7e22c854bb2581eaeeea2600) Importer(815301076,1909f56bfc062723c751e8b465ee728b)
Start importing Assets/Essential_Footsteps_SFX_SoundKajiya/Sand/Footstep_Sand_Boots_Jog_6.wav using Guid(ffca60be7e22c854bb2581eaeeea2600) Importer(815301076,1909f56bfc062723c751e8b465ee728b) (PreviewImporter) -> (artifact id: 'ea1f7315eb0a7d5bc32040536e99dc5a') in 0.0431428 seconds
Number of updated asset objects reloaded before import = 0Number of asset objects unloaded after import = 2

========================================================================
Received Import Request.
  Time since last request: 3.948429 seconds.
  path: Assets/Essential_Footsteps_SFX_SoundKajiya/Wood/Footstep_Wood_Boots_Jog_2.wav
  artifactKey: Guid(5befd0363e364d84cb9749604cbacbd7) Importer(815301076,1909f56bfc062723c751e8b465ee728b)
Start importing Assets/Essential_Footsteps_SFX_SoundKajiya/Wood/Footstep_Wood_Boots_Jog_2.wav using Guid(5befd0363e364d84cb9749604cbacbd7) Importer(815301076,1909f56bfc062723c751e8b465ee728b) (PreviewImporter) -> (artifact id: '79cd47ba2a03ebf193057476bcd7af91') in 0.0394469 seconds
Number of updated asset objects reloaded before import = 0Number of asset objects unloaded after import = 2

========================================================================
Received Import Request.
  Time since last request: 0.000031 seconds.
  path: Assets/Essential_Footsteps_SFX_SoundKajiya/Wood/Footstep_Wood_Boots_Land_3.wav
  artifactKey: Guid(c489ca399b8dff647ab40370245e9f21) Importer(815301076,1909f56bfc062723c751e8b465ee728b)
Start importing Assets/Essential_Footsteps_SFX_SoundKajiya/Wood/Footstep_Wood_Boots_Land_3.wav using Guid(c489ca399b8dff647ab40370245e9f21) Importer(815301076,1909f56bfc062723c751e8b465ee728b) (PreviewImporter) -> (artifact id: 'd02c4a6ee3e9b1f31aaabef2eb23073e') in 0.0870165 seconds
Number of updated asset objects reloaded before import = 0Number of asset objects unloaded after import = 2

========================================================================
Received Import Request.
  Time since last request: 0.000035 seconds.
  path: Assets/Essential_Footsteps_SFX_SoundKajiya/Wood/Footstep_Wood_Boots_Jog_7.wav
  artifactKey: Guid(eee9745171c6a444698a88169f5ab0be) Importer(815301076,1909f56bfc062723c751e8b465ee728b)
Start importing Assets/Essential_Footsteps_SFX_SoundKajiya/Wood/Footstep_Wood_Boots_Jog_7.wav using Guid(eee9745171c6a444698a88169f5ab0be) Importer(815301076,1909f56bfc062723c751e8b465ee728b) (PreviewImporter) -> (artifact id: '3e12f8362753bf57061adf4beafe5ed7') in 0.088161 seconds
Number of updated asset objects reloaded before import = 0Number of asset objects unloaded after import = 2

========================================================================
Received Import Request.
  Time since last request: 0.000096 seconds.
  path: Assets/Essential_Footsteps_SFX_SoundKajiya/Wood/Footstep_Wood_Boots_Jog_5.wav
  artifactKey: Guid(a6eda2e555e23b04694ba31e4542a63d) Importer(815301076,1909f56bfc062723c751e8b465ee728b)
Start importing Assets/Essential_Footsteps_SFX_SoundKajiya/Wood/Footstep_Wood_Boots_Jog_5.wav using Guid(a6eda2e555e23b04694ba31e4542a63d) Importer(815301076,1909f56bfc062723c751e8b465ee728b) (PreviewImporter) -> (artifact id: '5ab1fd198c350651fd8165614fed2969') in 0.0562505 seconds
Number of updated asset objects reloaded before import = 0Number of asset objects unloaded after import = 2

========================================================================
Received Import Request.
  Time since last request: 0.000042 seconds.
  path: Assets/Essential_Footsteps_SFX_SoundKajiya/Wood/Footstep_Wood_Boots_Land_4.wav
  artifactKey: Guid(c7bb5d5739d80ec43895026e0377f91d) Importer(815301076,1909f56bfc062723c751e8b465ee728b)
Start importing Assets/Essential_Footsteps_SFX_SoundKajiya/Wood/Footstep_Wood_Boots_Land_4.wav using Guid(c7bb5d5739d80ec43895026e0377f91d) Importer(815301076,1909f56bfc062723c751e8b465ee728b) (PreviewImporter) -> (artifact id: '2a9c98f4afe09b34dceac566318ebac7') in 0.0525535 seconds
Number of updated asset objects reloaded before import = 0Number of asset objects unloaded after import = 2

========================================================================
Received Import Request.
  Time since last request: 0.000082 seconds.
  path: Assets/Essential_Footsteps_SFX_SoundKajiya/Wood/Footstep_Wood_Boots_Run_Stop_2.wav
  artifactKey: Guid(0f84087de88a4f34e8fbaf38ff686eea) Importer(815301076,1909f56bfc062723c751e8b465ee728b)
Start importing Assets/Essential_Footsteps_SFX_SoundKajiya/Wood/Footstep_Wood_Boots_Run_Stop_2.wav using Guid(0f84087de88a4f34e8fbaf38ff686eea) Importer(815301076,1909f56bfc062723c751e8b465ee728b) (PreviewImporter) -> (artifact id: 'be0eed8fdd0a8177a856c7a6cba9d8f3') in 0.1504914 seconds
Number of updated asset objects reloaded before import = 0Number of asset objects unloaded after import = 2

========================================================================
Received Import Request.
  Time since last request: 0.000045 seconds.
  path: Assets/Essential_Footsteps_SFX_SoundKajiya/Wood/Footstep_Wood_Boots_Walk_3.wav
  artifactKey: Guid(a2e9dc7d699e0d547894f51acb45497b) Importer(815301076,1909f56bfc062723c751e8b465ee728b)
Start importing Assets/Essential_Footsteps_SFX_SoundKajiya/Wood/Footstep_Wood_Boots_Walk_3.wav using Guid(a2e9dc7d699e0d547894f51acb45497b) Importer(815301076,1909f56bfc062723c751e8b465ee728b) (PreviewImporter) -> (artifact id: 'ef39c0c2388a9ba86e7e74b88a49ee81') in 0.0442532 seconds
Number of updated asset objects reloaded before import = 0Number of asset objects unloaded after import = 2

========================================================================
Received Import Request.
  Time since last request: 0.000047 seconds.
  path: Assets/Essential_Footsteps_SFX_SoundKajiya/Wood/Footstep_Wood_Boots_Jump_4.wav
  artifactKey: Guid(364e0bf55fa3db144a70d723a6d5be9b) Importer(815301076,1909f56bfc062723c751e8b465ee728b)
Start importing Assets/Essential_Footsteps_SFX_SoundKajiya/Wood/Footstep_Wood_Boots_Jump_4.wav using Guid(364e0bf55fa3db144a70d723a6d5be9b) Importer(815301076,1909f56bfc062723c751e8b465ee728b) (PreviewImporter) -> (artifact id: 'ee6a32ce1862c75d73882e2e82284c78') in 0.057706 seconds
Number of updated asset objects reloaded before import = 0Number of asset objects unloaded after import = 2

========================================================================
Received Import Request.
  Time since last request: 0.000044 seconds.
  path: Assets/Essential_Footsteps_SFX_SoundKajiya/Wood/Footstep_Wood_Boots_Run_Stop_1.wav
  artifactKey: Guid(48017ae653e504c44b93ae6ae892b823) Importer(815301076,1909f56bfc062723c751e8b465ee728b)
Start importing Assets/Essential_Footsteps_SFX_SoundKajiya/Wood/Footstep_Wood_Boots_Run_Stop_1.wav using Guid(48017ae653e504c44b93ae6ae892b823) Importer(815301076,1909f56bfc062723c751e8b465ee728b) (PreviewImporter) -> (artifact id: '48055ede93138912af5fdb3fb1838ffe') in 0.05234 seconds
Number of updated asset objects reloaded before import = 0Number of asset objects unloaded after import = 2

========================================================================
Received Import Request.
  Time since last request: 0.000045 seconds.
  path: Assets/Essential_Footsteps_SFX_SoundKajiya/Wood/Footstep_Wood_Boots_Jump_2.wav
  artifactKey: Guid(48475e1da5a836245b3a3817b47f32f3) Importer(815301076,1909f56bfc062723c751e8b465ee728b)
Start importing Assets/Essential_Footsteps_SFX_SoundKajiya/Wood/Footstep_Wood_Boots_Jump_2.wav using Guid(48475e1da5a836245b3a3817b47f32f3) Importer(815301076,1909f56bfc062723c751e8b465ee728b) (PreviewImporter) -> (artifact id: '453c2181ab395af18cb4a3d37a4adbb0') in 0.0371216 seconds
Number of updated asset objects reloaded before import = 0Number of asset objects unloaded after import = 2

========================================================================
Received Import Request.
  Time since last request: 0.000028 seconds.
  path: Assets/Essential_Footsteps_SFX_SoundKajiya/Wood/Footstep_Wood_Boots_Run_6.wav
  artifactKey: Guid(18fb873dd1a33a348b93bce19edc58d6) Importer(815301076,1909f56bfc062723c751e8b465ee728b)
Start importing Assets/Essential_Footsteps_SFX_SoundKajiya/Wood/Footstep_Wood_Boots_Run_6.wav using Guid(18fb873dd1a33a348b93bce19edc58d6) Importer(815301076,1909f56bfc062723c751e8b465ee728b) (PreviewImporter) -> (artifact id: 'de71e730dee25abdb57311580a86f965') in 0.0535649 seconds
Number of updated asset objects reloaded before import = 0Number of asset objects unloaded after import = 2

========================================================================
Received Import Request.
  Time since last request: 0.000039 seconds.
  path: Assets/Essential_Footsteps_SFX_SoundKajiya/Wood/Footstep_Wood_Boots_Land_2.wav
  artifactKey: Guid(b45c4016a29a328478b2be1679906837) Importer(815301076,1909f56bfc062723c751e8b465ee728b)
Start importing Assets/Essential_Footsteps_SFX_SoundKajiya/Wood/Footstep_Wood_Boots_Land_2.wav using Guid(b45c4016a29a328478b2be1679906837) Importer(815301076,1909f56bfc062723c751e8b465ee728b) (PreviewImporter) -> (artifact id: 'b0030e981482d4ab01131019fc76ffb2') in 0.0532713 seconds
Number of updated asset objects reloaded before import = 0Number of asset objects unloaded after import = 2

========================================================================
Received Import Request.
  Time since last request: 0.000053 seconds.
  path: Assets/Essential_Footsteps_SFX_SoundKajiya/Wood/Footstep_Wood_Boots_Jog_3.wav
  artifactKey: Guid(b2e6ae327f0fcd64cb93e56d40755bd3) Importer(815301076,1909f56bfc062723c751e8b465ee728b)
Start importing Assets/Essential_Footsteps_SFX_SoundKajiya/Wood/Footstep_Wood_Boots_Jog_3.wav using Guid(b2e6ae327f0fcd64cb93e56d40755bd3) Importer(815301076,1909f56bfc062723c751e8b465ee728b) (PreviewImporter) -> (artifact id: 'b3008d87023eab4b704326b750e282ce') in 0.0424465 seconds
Number of updated asset objects reloaded before import = 0Number of asset objects unloaded after import = 2

========================================================================
Received Import Request.
  Time since last request: 0.000047 seconds.
  path: Assets/Essential_Footsteps_SFX_SoundKajiya/Wood/Footstep_Wood_Boots_Walk_Stop_4.wav
  artifactKey: Guid(cc60b4ec19cb3cc408dc16a8bf872b27) Importer(815301076,1909f56bfc062723c751e8b465ee728b)
Start importing Assets/Essential_Footsteps_SFX_SoundKajiya/Wood/Footstep_Wood_Boots_Walk_Stop_4.wav using Guid(cc60b4ec19cb3cc408dc16a8bf872b27) Importer(815301076,1909f56bfc062723c751e8b465ee728b) (PreviewImporter) -> (artifact id: 'f4d80c93b53aae9370f2e301b18c30cc') in 0.0476925 seconds
Number of updated asset objects reloaded before import = 0Number of asset objects unloaded after import = 2

========================================================================
Received Import Request.
  Time since last request: 0.000036 seconds.
  path: Assets/Essential_Footsteps_SFX_SoundKajiya/Wood/Footstep_Wood_Boots_Jog_Stop_2.wav
  artifactKey: Guid(065d07513a2ac394785e669a00154e94) Importer(815301076,1909f56bfc062723c751e8b465ee728b)
Start importing Assets/Essential_Footsteps_SFX_SoundKajiya/Wood/Footstep_Wood_Boots_Jog_Stop_2.wav using Guid(065d07513a2ac394785e669a00154e94) Importer(815301076,1909f56bfc062723c751e8b465ee728b) (PreviewImporter) -> (artifact id: '367f9ad9bf836d700d0b2dc38d463211') in 0.0492274 seconds
Number of updated asset objects reloaded before import = 0Number of asset objects unloaded after import = 2

========================================================================
Received Import Request.
  Time since last request: 0.000079 seconds.
  path: Assets/Essential_Footsteps_SFX_SoundKajiya/Wood/Footstep_Wood_Boots_Walk_6.wav
  artifactKey: Guid(8024576c36c022a4983a3920845bfaa5) Importer(815301076,1909f56bfc062723c751e8b465ee728b)
Start importing Assets/Essential_Footsteps_SFX_SoundKajiya/Wood/Footstep_Wood_Boots_Walk_6.wav using Guid(8024576c36c022a4983a3920845bfaa5) Importer(815301076,1909f56bfc062723c751e8b465ee728b) (PreviewImporter) -> (artifact id: '6b0b554b3039a86202722a7849a491bb') in 0.050653 seconds
Number of updated asset objects reloaded before import = 0Number of asset objects unloaded after import = 2

========================================================================
Received Import Request.
  Time since last request: 0.000041 seconds.
  path: Assets/Essential_Footsteps_SFX_SoundKajiya/Wood/Footstep_Wood_Boots_Run_4.wav
  artifactKey: Guid(b2a086fcf89bef0419f3045d64a8e1de) Importer(815301076,1909f56bfc062723c751e8b465ee728b)
Start importing Assets/Essential_Footsteps_SFX_SoundKajiya/Wood/Footstep_Wood_Boots_Run_4.wav using Guid(b2a086fcf89bef0419f3045d64a8e1de) Importer(815301076,1909f56bfc062723c751e8b465ee728b) (PreviewImporter) -> (artifact id: '1acb5c3a674d8fb5b80347d3efe9f507') in 0.0406434 seconds
Number of updated asset objects reloaded before import = 0Number of asset objects unloaded after import = 2

========================================================================
Received Import Request.
  Time since last request: 0.000056 seconds.
  path: Assets/Essential_Footsteps_SFX_SoundKajiya/Wood/Footstep_Wood_Boots_Run_2.wav
  artifactKey: Guid(673b6640598ae70438874f73a4161a48) Importer(815301076,1909f56bfc062723c751e8b465ee728b)
Start importing Assets/Essential_Footsteps_SFX_SoundKajiya/Wood/Footstep_Wood_Boots_Run_2.wav using Guid(673b6640598ae70438874f73a4161a48) Importer(815301076,1909f56bfc062723c751e8b465ee728b) (PreviewImporter) -> (artifact id: 'ca8619a9dfe0defb287ca7cf22669a03') in 0.0499062 seconds
Number of updated asset objects reloaded before import = 0Number of asset objects unloaded after import = 2

========================================================================
Received Import Request.
  Time since last request: 0.000066 seconds.
  path: Assets/Essential_Footsteps_SFX_SoundKajiya/Wood/Footstep_Wood_Boots_Land_1.wav
  artifactKey: Guid(e0640fbe383681d4abd10ac5b04992ab) Importer(815301076,1909f56bfc062723c751e8b465ee728b)
Start importing Assets/Essential_Footsteps_SFX_SoundKajiya/Wood/Footstep_Wood_Boots_Land_1.wav using Guid(e0640fbe383681d4abd10ac5b04992ab) Importer(815301076,1909f56bfc062723c751e8b465ee728b) (PreviewImporter) -> (artifact id: 'e5b22b6c488fc7dd906bf48330c929e1') in 0.0529966 seconds
Number of updated asset objects reloaded before import = 0Number of asset objects unloaded after import = 2

========================================================================
Received Import Request.
  Time since last request: 0.000031 seconds.
  path: Assets/Essential_Footsteps_SFX_SoundKajiya/Wood/Footstep_Wood_Boots_Jog_8.wav
  artifactKey: Guid(081a9bfdb01e1df47ba79002fbac2d17) Importer(815301076,1909f56bfc062723c751e8b465ee728b)
Start importing Assets/Essential_Footsteps_SFX_SoundKajiya/Wood/Footstep_Wood_Boots_Jog_8.wav using Guid(081a9bfdb01e1df47ba79002fbac2d17) Importer(815301076,1909f56bfc062723c751e8b465ee728b) (PreviewImporter) -> (artifact id: '994c50dacdfd4b52e6ada6161150ee23') in 0.0460774 seconds
Number of updated asset objects reloaded before import = 0Number of asset objects unloaded after import = 2

========================================================================
Received Import Request.
  Time since last request: 0.000048 seconds.
  path: Assets/Essential_Footsteps_SFX_SoundKajiya/Wood/Footstep_Wood_Boots_Jog_Stop_3.wav
  artifactKey: Guid(26587451f23d5374e8dba6abe0f22b53) Importer(815301076,1909f56bfc062723c751e8b465ee728b)
Start importing Assets/Essential_Footsteps_SFX_SoundKajiya/Wood/Footstep_Wood_Boots_Jog_Stop_3.wav using Guid(26587451f23d5374e8dba6abe0f22b53) Importer(815301076,1909f56bfc062723c751e8b465ee728b) (PreviewImporter) -> (artifact id: '57f7c52d4079cbf8774586310c2e09e2') in 0.0460383 seconds
Number of updated asset objects reloaded before import = 0Number of asset objects unloaded after import = 2

========================================================================
Received Import Request.
  Time since last request: 0.000067 seconds.
  path: Assets/Essential_Footsteps_SFX_SoundKajiya/Wood/Footstep_Wood_Boots_Run_Stop_3.wav
  artifactKey: Guid(dcd98b0953fc64a4ebbfa8aac34d28c5) Importer(815301076,1909f56bfc062723c751e8b465ee728b)
Start importing Assets/Essential_Footsteps_SFX_SoundKajiya/Wood/Footstep_Wood_Boots_Run_Stop_3.wav using Guid(dcd98b0953fc64a4ebbfa8aac34d28c5) Importer(815301076,1909f56bfc062723c751e8b465ee728b) (PreviewImporter) -> (artifact id: '96a3214ac50529308215d221816d63b4') in 0.0491706 seconds
Number of updated asset objects reloaded before import = 0Number of asset objects unloaded after import = 2

========================================================================
Received Import Request.
  Time since last request: 129.389181 seconds.
  path: Assets/AmbientMusicByMtBerkoo/AmbientPack_UnderwaterCliff_by_MtBerkoo/Mt. Berkoo - Full Void.wav
  artifactKey: Guid(59ea8696d201cf2418ca44db9a3491ad) Importer(815301076,1909f56bfc062723c751e8b465ee728b)
Start importing Assets/AmbientMusicByMtBerkoo/AmbientPack_UnderwaterCliff_by_MtBerkoo/Mt. Berkoo - Full Void.wav using Guid(59ea8696d201cf2418ca44db9a3491ad) Importer(815301076,1909f56bfc062723c751e8b465ee728b) (PreviewImporter) -> (artifact id: 'ee078ef17e670cb123e6cf727b34eba3') in 1.320246 seconds
Number of updated asset objects reloaded before import = 0Number of asset objects unloaded after import = 2

========================================================================
Received Import Request.
  Time since last request: 0.000041 seconds.
  path: Assets/AmbientMusicByMtBerkoo/AmbientPack_UnderwaterCliff_by_MtBerkoo/Mt. Berkoo - Long Way Home (wav CUT).wav
  artifactKey: Guid(6bac030eda299c34c90d6eed1fb6b828) Importer(815301076,1909f56bfc062723c751e8b465ee728b)
Start importing Assets/AmbientMusicByMtBerkoo/AmbientPack_UnderwaterCliff_by_MtBerkoo/Mt. Berkoo - Long Way Home (wav CUT).wav using Guid(6bac030eda299c34c90d6eed1fb6b828) Importer(815301076,1909f56bfc062723c751e8b465ee728b) (PreviewImporter) -> (artifact id: 'f9cf32fd112df5eca98493f22586cef6') in 0.5280593 seconds
Number of updated asset objects reloaded before import = 0Number of asset objects unloaded after import = 2

========================================================================
Received Prepare
Assembly reference Packages/com.unity.cinemachine/Editor/Samples/ExposeHDRPInternals/HDRP-Editor-ref.asmref has no target assembly definition
Assembly reference Packages/com.unity.cinemachine/Editor/Samples/ExposeHDRPInternals/HDRP-Editor-ref.asmref has no target assembly definition
Begin MonoManager ReloadAssembly
- Loaded All Assemblies, in  1.855 seconds
Assembly reference Packages/com.unity.cinemachine/Editor/Samples/ExposeHDRPInternals/HDRP-Editor-ref.asmref has no target assembly definition
'Packages/com.unity.cinemachine/Editor/Obsolete/CinemachineVirtualCameraBaseEditor.cs' contains partial class of Unity.Object, exactly 1 of the partial classes needs to be in a file with the same filename. This is to know the one that can be referenced from ie. GameObjects
'Packages/com.unity.cinemachine/Editor/Editors/CinemachineVirtualCameraBaseEditor.cs' contains partial class of Unity.Object, exactly 1 of the partial classes needs to be in a file with the same filename. This is to know the one that can be referenced from ie. GameObjects
Refreshing native plugins compatible for Editor in 2.46 ms, found 4 plugins.
Native extension for WindowsStandalone target not found
Assembly reference Packages/com.unity.cinemachine/Editor/Samples/ExposeHDRPInternals/HDRP-Editor-ref.asmref has no target assembly definition
[Package Manager] Failed to launch server process. Reason: Unity was launched with the -noUpm command-line argument
[Package Manager] Unable to send message (not connected to server process).
[Package Manager] Cannot connect to Unity Package Manager local server
Mono: successfully reloaded assembly
- Finished resetting the current domain, in  2.809 seconds
Domain Reload Profiling: 4669ms
	BeginReloadAssembly (539ms)
		ExecutionOrderSort (0ms)
		DisableScriptedObjects (40ms)
		BackupInstance (0ms)
		ReleaseScriptingObjects (0ms)
		CreateAndSetChildDomain (139ms)
	RebuildCommonClasses (93ms)
	RebuildNativeTypeToScriptingClass (35ms)
	initialDomainReloadingComplete (58ms)
	LoadAllAssembliesAndSetupDomain (1134ms)
		LoadAssemblies (798ms)
		RebuildTransferFunctionScriptingTraits (0ms)
		AnalyzeDomain (606ms)
			TypeCache.Refresh (18ms)
				TypeCache.ScanAssembly (0ms)
			BuildScriptInfoCaches (542ms)
			ResolveRequiredComponents (35ms)
	FinalizeReload (2811ms)
		ReleaseScriptCaches (0ms)
		RebuildScriptCaches (0ms)
		SetupLoadedEditorAssemblies (2242ms)
			LogAssemblyErrors (0ms)
			InitializePlatformSupportModulesInManaged (12ms)
			SetLoadedEditorAssemblies (26ms)
			BeforeProcessingInitializeOnLoad (572ms)
			ProcessInitializeOnLoadAttributes (1421ms)
			ProcessInitializeOnLoadMethodAttributes (205ms)
			AfterProcessingInitializeOnLoad (6ms)
			EditorAssembliesLoaded (1ms)
		ExecutionOrderSort2 (0ms)
		AwakeInstancesAfterBackupRestoration (40ms)
Refreshing native plugins compatible for Editor in 3.84 ms, found 4 plugins.
Preloading 0 native plugins for Editor in 0.00 ms.
Unloading 14 Unused Serialized files (Serialized files now loaded: 0)
Unloading 6999 unused Assets / (5.2 MB). Loaded Objects now: 7729.
Memory consumption went from 147.7 MB to 142.5 MB.
Total: 26.375100 ms (FindLiveObjects: 2.333000 ms CreateObjectMapping: 3.171100 ms MarkObjects: 13.445600 ms  DeleteObjects: 7.423600 ms)

Prepare: number of updated asset objects reloaded= 0
